08/26 12:58:57.126 [main] INFO  com.crm.qa.util.WebEventListener - Before navigating to: 'https://www.freecrm.com/'
08/26 12:59:00.970 [main] DEBUG com.crm.qa.util.WebEventListener - After navigating to: 'https://www.freecrm.com/'
08/26 12:59:03.503 [main] INFO  com.crm.qa.util.WebEventListener - Trying to find Element By : By.xpath: //img[contains(@class, 'img-responsive')]
08/26 12:59:03.558 [main] DEBUG com.crm.qa.util.WebEventListener - Found Element By : By.xpath: //img[contains(@class, 'img-responsive')]
08/26 12:59:07.963 [main] INFO  com.crm.qa.util.WebEventListener - Before navigating to: 'https://www.freecrm.com/'
08/26 12:59:11.741 [main] DEBUG com.crm.qa.util.WebEventListener - After navigating to: 'https://www.freecrm.com/'
08/26 12:59:18.767 [main] INFO  com.crm.qa.util.WebEventListener - Before navigating to: 'https://www.freecrm.com/'
08/26 12:59:22.847 [main] DEBUG com.crm.qa.util.WebEventListener - After navigating to: 'https://www.freecrm.com/'
08/26 12:59:25.325 [main] INFO  com.crm.qa.util.WebEventListener - Trying to find Element By : By.name: username
08/26 12:59:25.402 [main] DEBUG com.crm.qa.util.WebEventListener - Found Element By : By.name: username
08/26 12:59:25.984 [main] INFO  com.crm.qa.util.WebEventListener - Trying to find Element By : By.name: password
08/26 12:59:26.460 [main] DEBUG com.crm.qa.util.WebEventListener - Found Element By : By.name: password
08/26 12:59:27.091 [main] INFO  com.crm.qa.util.WebEventListener - Trying to find Element By : By.xpath: //input[@value = 'Login']
08/26 12:59:27.129 [main] DEBUG com.crm.qa.util.WebEventListener - Found Element By : By.xpath: //input[@value = 'Login']
08/26 12:59:38.001 [main] INFO  com.crm.qa.util.WebEventListener - Before navigating to: 'https://www.freecrm.com/'
08/26 12:59:42.113 [main] DEBUG com.crm.qa.util.WebEventListener - After navigating to: 'https://www.freecrm.com/'
08/26 12:59:44.652 [main] INFO  com.crm.qa.util.WebEventListener - Trying to find Element By : By.name: username
08/26 12:59:44.699 [main] DEBUG com.crm.qa.util.WebEventListener - Found Element By : By.name: username
08/26 12:59:45.155 [main] INFO  com.crm.qa.util.WebEventListener - Trying to find Element By : By.name: password
08/26 12:59:45.184 [main] DEBUG com.crm.qa.util.WebEventListener - Found Element By : By.name: password
08/26 12:59:45.386 [main] INFO  com.crm.qa.util.WebEventListener - Trying to find Element By : By.xpath: //input[@value = 'Login']
08/26 12:59:45.416 [main] DEBUG com.crm.qa.util.WebEventListener - Found Element By : By.xpath: //input[@value = 'Login']
08/26 12:59:50.826 [main] INFO  com.crm.qa.util.WebEventListener - Trying to find Element By : By.xpath: //a[contains(text(), 'Contacts')]
08/26 12:59:50.858 [main] DEBUG com.crm.qa.util.WebEventListener - Found Element By : By.xpath: //a[contains(text(), 'Contacts')]
08/26 12:59:50.859 [main] INFO  com.crm.qa.util.WebEventListener - Trying to click on: [[ChromeDriver: chrome on XP (9faa7a655ea231714df15093eecbfb2e)] -> xpath: //a[contains(text(), 'Contacts')]]
08/26 12:59:52.004 [main] DEBUG com.crm.qa.util.WebEventListener - Clicked on: [[ChromeDriver: chrome on XP (9faa7a655ea231714df15093eecbfb2e)] -> xpath: //a[contains(text(), 'Contacts')]]
08/26 12:59:56.305 [main] INFO  com.crm.qa.util.WebEventListener - Before navigating to: 'https://www.freecrm.com/'
08/26 13:00:00.319 [main] DEBUG com.crm.qa.util.WebEventListener - After navigating to: 'https://www.freecrm.com/'
08/26 13:00:03.291 [main] INFO  com.crm.qa.util.WebEventListener - Trying to find Element By : By.name: username
08/26 13:00:03.383 [main] DEBUG com.crm.qa.util.WebEventListener - Found Element By : By.name: username
08/26 13:00:04.150 [main] INFO  com.crm.qa.util.WebEventListener - Trying to find Element By : By.name: password
08/26 13:00:04.182 [main] DEBUG com.crm.qa.util.WebEventListener - Found Element By : By.name: password
08/26 13:00:04.989 [main] INFO  com.crm.qa.util.WebEventListener - Trying to find Element By : By.xpath: //input[@value = 'Login']
08/26 13:00:05.040 [main] DEBUG com.crm.qa.util.WebEventListener - Found Element By : By.xpath: //input[@value = 'Login']
08/26 13:00:14.022 [main] INFO  com.crm.qa.util.WebEventListener - Before navigating to: 'https://www.freecrm.com/'
08/26 13:00:18.202 [main] DEBUG com.crm.qa.util.WebEventListener - After navigating to: 'https://www.freecrm.com/'
08/26 13:00:20.799 [main] INFO  com.crm.qa.util.WebEventListener - Trying to find Element By : By.name: username
08/26 13:00:20.878 [main] DEBUG com.crm.qa.util.WebEventListener - Found Element By : By.name: username
08/26 13:00:21.421 [main] INFO  com.crm.qa.util.WebEventListener - Trying to find Element By : By.name: password
08/26 13:00:21.467 [main] DEBUG com.crm.qa.util.WebEventListener - Found Element By : By.name: password
08/26 13:00:21.712 [main] INFO  com.crm.qa.util.WebEventListener - Trying to find Element By : By.xpath: //input[@value = 'Login']
08/26 13:00:21.741 [main] DEBUG com.crm.qa.util.WebEventListener - Found Element By : By.xpath: //input[@value = 'Login']
08/26 13:00:27.434 [main] INFO  com.crm.qa.util.WebEventListener - Trying to find Element By : By.xpath: //td[contains(text(),'David Hakobyan')]
08/26 13:00:27.473 [main] DEBUG com.crm.qa.util.WebEventListener - Found Element By : By.xpath: //td[contains(text(),'David Hakobyan')]
08/26 13:00:31.727 [main] INFO  com.crm.qa.util.WebEventListener - Before navigating to: 'https://www.freecrm.com/'
08/26 13:00:36.161 [main] DEBUG com.crm.qa.util.WebEventListener - After navigating to: 'https://www.freecrm.com/'
08/26 13:00:39.145 [main] INFO  com.crm.qa.util.WebEventListener - Trying to find Element By : By.name: username
08/26 13:00:39.193 [main] DEBUG com.crm.qa.util.WebEventListener - Found Element By : By.name: username
08/26 13:00:39.568 [main] INFO  com.crm.qa.util.WebEventListener - Trying to find Element By : By.name: password
08/26 13:00:39.915 [main] DEBUG com.crm.qa.util.WebEventListener - Found Element By : By.name: password
08/26 13:00:40.195 [main] INFO  com.crm.qa.util.WebEventListener - Trying to find Element By : By.xpath: //input[@value = 'Login']
08/26 13:00:40.661 [main] DEBUG com.crm.qa.util.WebEventListener - Found Element By : By.xpath: //input[@value = 'Login']
08/26 13:00:48.749 [main] INFO  com.crm.qa.util.WebEventListener - Trying to find Element By : By.xpath: //a[contains(text(), 'Contacts')]
08/26 13:00:48.781 [main] DEBUG com.crm.qa.util.WebEventListener - Found Element By : By.xpath: //a[contains(text(), 'Contacts')]
08/26 13:00:48.782 [main] INFO  com.crm.qa.util.WebEventListener - Trying to click on: [[ChromeDriver: chrome on XP (c34f05628a46d71ecabdba6421982335)] -> xpath: //a[contains(text(), 'Contacts')]]
08/26 13:00:49.989 [main] DEBUG com.crm.qa.util.WebEventListener - Clicked on: [[ChromeDriver: chrome on XP (c34f05628a46d71ecabdba6421982335)] -> xpath: //a[contains(text(), 'Contacts')]]
08/26 13:00:49.991 [main] INFO  com.crm.qa.util.WebEventListener - Trying to find Element By : By.xpath: //td[contains(text(), 'Contacts')]
08/26 13:00:50.080 [main] DEBUG com.crm.qa.util.WebEventListener - Found Element By : By.xpath: //td[contains(text(), 'Contacts')]
08/26 13:00:55.412 [main] INFO  com.crm.qa.util.WebEventListener - Before navigating to: 'https://www.freecrm.com/'
08/26 13:00:59.192 [main] DEBUG com.crm.qa.util.WebEventListener - After navigating to: 'https://www.freecrm.com/'
08/26 13:01:02.267 [main] INFO  com.crm.qa.util.WebEventListener - Trying to find Element By : By.name: username
08/26 13:01:02.338 [main] DEBUG com.crm.qa.util.WebEventListener - Found Element By : By.name: username
08/26 13:01:03.213 [main] INFO  com.crm.qa.util.WebEventListener - Trying to find Element By : By.name: password
08/26 13:01:03.275 [main] DEBUG com.crm.qa.util.WebEventListener - Found Element By : By.name: password
08/26 13:01:04.073 [main] INFO  com.crm.qa.util.WebEventListener - Trying to find Element By : By.xpath: //input[@value = 'Login']
08/26 13:01:04.107 [main] DEBUG com.crm.qa.util.WebEventListener - Found Element By : By.xpath: //input[@value = 'Login']
08/26 13:01:10.349 [main] INFO  com.crm.qa.util.WebEventListener - Trying to find Element By : By.xpath: //a[contains(text(), 'Contacts')]
08/26 13:01:10.395 [main] DEBUG com.crm.qa.util.WebEventListener - Found Element By : By.xpath: //a[contains(text(), 'Contacts')]
08/26 13:01:10.395 [main] INFO  com.crm.qa.util.WebEventListener - Trying to click on: [[ChromeDriver: chrome on XP (47ef38e39b166029e4d2dad5676ad42f)] -> xpath: //a[contains(text(), 'Contacts')]]
08/26 13:01:11.614 [main] DEBUG com.crm.qa.util.WebEventListener - Clicked on: [[ChromeDriver: chrome on XP (47ef38e39b166029e4d2dad5676ad42f)] -> xpath: //a[contains(text(), 'Contacts')]]
08/26 13:01:11.636 [main] ERROR com.crm.qa.util.WebEventListener - Exception occured: org.openqa.selenium.UnsupportedCommandException: actions
Build info: version: '3.14.0', revision: 'aacccce0', time: '2018-08-02T20:19:58.91Z'
System info: host: 'DESKTOP-J288E5V', ip: '192.168.1.72', os.name: 'Windows 10', os.arch: 'amd64', os.version: '10.0', java.version: '1.8.0_172'
Driver info: driver.version: EventFiringWebDriver
08/26 13:01:11.637 [main] INFO  com.crm.qa.util.WebEventListener - Trying to find Element By : By.xpath: //a[contains(text(), 'Contacts')]
08/26 13:01:11.686 [main] DEBUG com.crm.qa.util.WebEventListener - Found Element By : By.xpath: //a[contains(text(), 'Contacts')]
08/26 13:01:12.782 [main] INFO  com.crm.qa.util.WebEventListener - Trying to find Element By : By.xpath: //a[@title = 'New Contact']
08/26 13:01:12.811 [main] DEBUG com.crm.qa.util.WebEventListener - Found Element By : By.xpath: //a[@title = 'New Contact']
08/26 13:01:12.811 [main] INFO  com.crm.qa.util.WebEventListener - Trying to click on: [[ChromeDriver: chrome on XP (47ef38e39b166029e4d2dad5676ad42f)] -> xpath: //a[@title = 'New Contact']]
08/26 13:01:13.950 [main] DEBUG com.crm.qa.util.WebEventListener - Clicked on: [[ChromeDriver: chrome on XP (47ef38e39b166029e4d2dad5676ad42f)] -> xpath: //a[@title = 'New Contact']]
08/26 13:01:13.953 [main] INFO  com.crm.qa.util.WebEventListener - Trying to find Element By : By.name: title
08/26 13:01:14.025 [main] DEBUG com.crm.qa.util.WebEventListener - Found Element By : By.name: title
08/26 13:01:14.052 [main] INFO  com.crm.qa.util.WebEventListener - Trying to find Element By : By.xpath: .//option[normalize-space(.) = "Mr."]
08/26 13:01:14.084 [main] DEBUG com.crm.qa.util.WebEventListener - Found Element By : By.xpath: .//option[normalize-space(.) = "Mr."]
08/26 13:01:14.109 [main] INFO  com.crm.qa.util.WebEventListener - Trying to click on: [[[[ChromeDriver: chrome on XP (47ef38e39b166029e4d2dad5676ad42f)] -> name: title]] -> xpath: .//option[normalize-space(.) = "Mr."]]
08/26 13:01:14.210 [main] DEBUG com.crm.qa.util.WebEventListener - Clicked on: [[[[ChromeDriver: chrome on XP (47ef38e39b166029e4d2dad5676ad42f)] -> name: title]] -> xpath: .//option[normalize-space(.) = "Mr."]]
08/26 13:01:14.210 [main] INFO  com.crm.qa.util.WebEventListener - Trying to find Element By : By.id: first_name
08/26 13:01:14.237 [main] DEBUG com.crm.qa.util.WebEventListener - Found Element By : By.id: first_name
08/26 13:01:14.506 [main] INFO  com.crm.qa.util.WebEventListener - Trying to find Element By : By.id: surname
08/26 13:01:14.533 [main] DEBUG com.crm.qa.util.WebEventListener - Found Element By : By.id: surname
08/26 13:01:14.851 [main] INFO  com.crm.qa.util.WebEventListener - Trying to find Element By : By.name: client_lookup
08/26 13:01:14.883 [main] DEBUG com.crm.qa.util.WebEventListener - Found Element By : By.name: client_lookup
08/26 13:01:15.329 [main] INFO  com.crm.qa.util.WebEventListener - Trying to find Element By : By.xpath: //input[@type = 'submit' and @value = 'Save']
08/26 13:01:15.357 [main] DEBUG com.crm.qa.util.WebEventListener - Found Element By : By.xpath: //input[@type = 'submit' and @value = 'Save']
08/26 13:01:15.358 [main] INFO  com.crm.qa.util.WebEventListener - Trying to click on: [[ChromeDriver: chrome on XP (47ef38e39b166029e4d2dad5676ad42f)] -> xpath: //input[@type = 'submit' and @value = 'Save']]
08/26 13:01:16.702 [main] DEBUG com.crm.qa.util.WebEventListener - Clicked on: [[ChromeDriver: chrome on XP (47ef38e39b166029e4d2dad5676ad42f)] -> xpath: //input[@type = 'submit' and @value = 'Save']]
08/26 13:01:20.979 [main] INFO  com.crm.qa.util.WebEventListener - Before navigating to: 'https://www.freecrm.com/'
08/26 13:01:25.661 [main] DEBUG com.crm.qa.util.WebEventListener - After navigating to: 'https://www.freecrm.com/'
08/26 13:01:28.144 [main] INFO  com.crm.qa.util.WebEventListener - Trying to find Element By : By.name: username
08/26 13:01:28.239 [main] DEBUG com.crm.qa.util.WebEventListener - Found Element By : By.name: username
08/26 13:01:28.800 [main] INFO  com.crm.qa.util.WebEventListener - Trying to find Element By : By.name: password
08/26 13:01:28.848 [main] DEBUG com.crm.qa.util.WebEventListener - Found Element By : By.name: password
08/26 13:01:29.053 [main] INFO  com.crm.qa.util.WebEventListener - Trying to find Element By : By.xpath: //input[@value = 'Login']
08/26 13:01:29.085 [main] DEBUG com.crm.qa.util.WebEventListener - Found Element By : By.xpath: //input[@value = 'Login']
08/26 13:01:36.852 [main] INFO  com.crm.qa.util.WebEventListener - Trying to find Element By : By.xpath: //a[contains(text(), 'Contacts')]
08/26 13:01:36.881 [main] DEBUG com.crm.qa.util.WebEventListener - Found Element By : By.xpath: //a[contains(text(), 'Contacts')]
08/26 13:01:36.882 [main] INFO  com.crm.qa.util.WebEventListener - Trying to click on: [[ChromeDriver: chrome on XP (8730570ba71f1bf601633055e53209db)] -> xpath: //a[contains(text(), 'Contacts')]]
08/26 13:01:38.200 [main] DEBUG com.crm.qa.util.WebEventListener - Clicked on: [[ChromeDriver: chrome on XP (8730570ba71f1bf601633055e53209db)] -> xpath: //a[contains(text(), 'Contacts')]]
08/26 13:01:38.202 [main] ERROR com.crm.qa.util.WebEventListener - Exception occured: org.openqa.selenium.UnsupportedCommandException: actions
Build info: version: '3.14.0', revision: 'aacccce0', time: '2018-08-02T20:19:58.91Z'
System info: host: 'DESKTOP-J288E5V', ip: '192.168.1.72', os.name: 'Windows 10', os.arch: 'amd64', os.version: '10.0', java.version: '1.8.0_172'
Driver info: driver.version: EventFiringWebDriver
08/26 13:01:38.202 [main] INFO  com.crm.qa.util.WebEventListener - Trying to find Element By : By.xpath: //a[contains(text(), 'Contacts')]
08/26 13:01:38.263 [main] DEBUG com.crm.qa.util.WebEventListener - Found Element By : By.xpath: //a[contains(text(), 'Contacts')]
08/26 13:01:39.353 [main] INFO  com.crm.qa.util.WebEventListener - Trying to find Element By : By.xpath: //a[@title = 'New Contact']
08/26 13:01:39.381 [main] DEBUG com.crm.qa.util.WebEventListener - Found Element By : By.xpath: //a[@title = 'New Contact']
08/26 13:01:39.381 [main] INFO  com.crm.qa.util.WebEventListener - Trying to click on: [[ChromeDriver: chrome on XP (8730570ba71f1bf601633055e53209db)] -> xpath: //a[@title = 'New Contact']]
08/26 13:01:40.648 [main] DEBUG com.crm.qa.util.WebEventListener - Clicked on: [[ChromeDriver: chrome on XP (8730570ba71f1bf601633055e53209db)] -> xpath: //a[@title = 'New Contact']]
08/26 13:01:40.648 [main] INFO  com.crm.qa.util.WebEventListener - Trying to find Element By : By.name: title
08/26 13:01:40.676 [main] DEBUG com.crm.qa.util.WebEventListener - Found Element By : By.name: title
08/26 13:01:40.704 [main] INFO  com.crm.qa.util.WebEventListener - Trying to find Element By : By.xpath: .//option[normalize-space(.) = "Dr."]
08/26 13:01:40.731 [main] DEBUG com.crm.qa.util.WebEventListener - Found Element By : By.xpath: .//option[normalize-space(.) = "Dr."]
08/26 13:01:40.752 [main] INFO  com.crm.qa.util.WebEventListener - Trying to click on: [[[[ChromeDriver: chrome on XP (8730570ba71f1bf601633055e53209db)] -> name: title]] -> xpath: .//option[normalize-space(.) = "Dr."]]
08/26 13:01:40.840 [main] DEBUG com.crm.qa.util.WebEventListener - Clicked on: [[[[ChromeDriver: chrome on XP (8730570ba71f1bf601633055e53209db)] -> name: title]] -> xpath: .//option[normalize-space(.) = "Dr."]]
08/26 13:01:40.840 [main] INFO  com.crm.qa.util.WebEventListener - Trying to find Element By : By.id: first_name
08/26 13:01:40.868 [main] DEBUG com.crm.qa.util.WebEventListener - Found Element By : By.id: first_name
08/26 13:01:41.286 [main] INFO  com.crm.qa.util.WebEventListener - Trying to find Element By : By.id: surname
08/26 13:01:41.316 [main] DEBUG com.crm.qa.util.WebEventListener - Found Element By : By.id: surname
08/26 13:01:42.032 [main] INFO  com.crm.qa.util.WebEventListener - Trying to find Element By : By.name: client_lookup
08/26 13:01:42.061 [main] DEBUG com.crm.qa.util.WebEventListener - Found Element By : By.name: client_lookup
08/26 13:01:42.394 [main] INFO  com.crm.qa.util.WebEventListener - Trying to find Element By : By.xpath: //input[@type = 'submit' and @value = 'Save']
08/26 13:01:42.421 [main] DEBUG com.crm.qa.util.WebEventListener - Found Element By : By.xpath: //input[@type = 'submit' and @value = 'Save']
08/26 13:01:42.421 [main] INFO  com.crm.qa.util.WebEventListener - Trying to click on: [[ChromeDriver: chrome on XP (8730570ba71f1bf601633055e53209db)] -> xpath: //input[@type = 'submit' and @value = 'Save']]
08/26 13:01:44.088 [main] DEBUG com.crm.qa.util.WebEventListener - Clicked on: [[ChromeDriver: chrome on XP (8730570ba71f1bf601633055e53209db)] -> xpath: //input[@type = 'submit' and @value = 'Save']]
08/26 13:01:48.369 [main] INFO  com.crm.qa.util.WebEventListener - Before navigating to: 'https://www.freecrm.com/'
08/26 13:01:52.550 [main] DEBUG com.crm.qa.util.WebEventListener - After navigating to: 'https://www.freecrm.com/'
08/26 13:01:55.003 [main] INFO  com.crm.qa.util.WebEventListener - Trying to find Element By : By.name: username
08/26 13:01:55.084 [main] DEBUG com.crm.qa.util.WebEventListener - Found Element By : By.name: username
08/26 13:01:55.864 [main] INFO  com.crm.qa.util.WebEventListener - Trying to find Element By : By.name: password
08/26 13:01:55.894 [main] DEBUG com.crm.qa.util.WebEventListener - Found Element By : By.name: password
08/26 13:01:56.120 [main] INFO  com.crm.qa.util.WebEventListener - Trying to find Element By : By.xpath: //input[@value = 'Login']
08/26 13:01:56.576 [main] DEBUG com.crm.qa.util.WebEventListener - Found Element By : By.xpath: //input[@value = 'Login']
08/26 13:02:05.462 [main] INFO  com.crm.qa.util.WebEventListener - Trying to find Element By : By.xpath: //a[contains(text(), 'Contacts')]
08/26 13:02:05.493 [main] DEBUG com.crm.qa.util.WebEventListener - Found Element By : By.xpath: //a[contains(text(), 'Contacts')]
08/26 13:02:05.493 [main] INFO  com.crm.qa.util.WebEventListener - Trying to click on: [[ChromeDriver: chrome on XP (94722506a20c53a5ccbebf63d9bf4471)] -> xpath: //a[contains(text(), 'Contacts')]]
08/26 13:02:06.522 [main] DEBUG com.crm.qa.util.WebEventListener - Clicked on: [[ChromeDriver: chrome on XP (94722506a20c53a5ccbebf63d9bf4471)] -> xpath: //a[contains(text(), 'Contacts')]]
08/26 13:02:06.524 [main] ERROR com.crm.qa.util.WebEventListener - Exception occured: org.openqa.selenium.UnsupportedCommandException: actions
Build info: version: '3.14.0', revision: 'aacccce0', time: '2018-08-02T20:19:58.91Z'
System info: host: 'DESKTOP-J288E5V', ip: '192.168.1.72', os.name: 'Windows 10', os.arch: 'amd64', os.version: '10.0', java.version: '1.8.0_172'
Driver info: driver.version: EventFiringWebDriver
08/26 13:02:06.524 [main] INFO  com.crm.qa.util.WebEventListener - Trying to find Element By : By.xpath: //a[contains(text(), 'Contacts')]
08/26 13:02:06.593 [main] DEBUG com.crm.qa.util.WebEventListener - Found Element By : By.xpath: //a[contains(text(), 'Contacts')]
08/26 13:02:07.674 [main] INFO  com.crm.qa.util.WebEventListener - Trying to find Element By : By.xpath: //a[@title = 'New Contact']
08/26 13:02:07.705 [main] DEBUG com.crm.qa.util.WebEventListener - Found Element By : By.xpath: //a[@title = 'New Contact']
08/26 13:02:07.705 [main] INFO  com.crm.qa.util.WebEventListener - Trying to click on: [[ChromeDriver: chrome on XP (94722506a20c53a5ccbebf63d9bf4471)] -> xpath: //a[@title = 'New Contact']]
08/26 13:02:08.726 [main] DEBUG com.crm.qa.util.WebEventListener - Clicked on: [[ChromeDriver: chrome on XP (94722506a20c53a5ccbebf63d9bf4471)] -> xpath: //a[@title = 'New Contact']]
08/26 13:02:08.726 [main] INFO  com.crm.qa.util.WebEventListener - Trying to find Element By : By.name: title
08/26 13:02:08.800 [main] DEBUG com.crm.qa.util.WebEventListener - Found Element By : By.name: title
08/26 13:02:08.830 [main] INFO  com.crm.qa.util.WebEventListener - Trying to find Element By : By.xpath: .//option[normalize-space(.) = "Mrs."]
08/26 13:02:08.859 [main] DEBUG com.crm.qa.util.WebEventListener - Found Element By : By.xpath: .//option[normalize-space(.) = "Mrs."]
08/26 13:02:08.881 [main] INFO  com.crm.qa.util.WebEventListener - Trying to click on: [[[[ChromeDriver: chrome on XP (94722506a20c53a5ccbebf63d9bf4471)] -> name: title]] -> xpath: .//option[normalize-space(.) = "Mrs."]]
08/26 13:02:08.989 [main] DEBUG com.crm.qa.util.WebEventListener - Clicked on: [[[[ChromeDriver: chrome on XP (94722506a20c53a5ccbebf63d9bf4471)] -> name: title]] -> xpath: .//option[normalize-space(.) = "Mrs."]]
08/26 13:02:08.989 [main] INFO  com.crm.qa.util.WebEventListener - Trying to find Element By : By.id: first_name
08/26 13:02:09.017 [main] DEBUG com.crm.qa.util.WebEventListener - Found Element By : By.id: first_name
08/26 13:02:09.390 [main] INFO  com.crm.qa.util.WebEventListener - Trying to find Element By : By.id: surname
08/26 13:02:09.419 [main] DEBUG com.crm.qa.util.WebEventListener - Found Element By : By.id: surname
08/26 13:02:09.836 [main] INFO  com.crm.qa.util.WebEventListener - Trying to find Element By : By.name: client_lookup
08/26 13:02:09.862 [main] DEBUG com.crm.qa.util.WebEventListener - Found Element By : By.name: client_lookup
08/26 13:02:10.193 [main] INFO  com.crm.qa.util.WebEventListener - Trying to find Element By : By.xpath: //input[@type = 'submit' and @value = 'Save']
08/26 13:02:10.223 [main] DEBUG com.crm.qa.util.WebEventListener - Found Element By : By.xpath: //input[@type = 'submit' and @value = 'Save']
08/26 13:02:10.223 [main] INFO  com.crm.qa.util.WebEventListener - Trying to click on: [[ChromeDriver: chrome on XP (94722506a20c53a5ccbebf63d9bf4471)] -> xpath: //input[@type = 'submit' and @value = 'Save']]
08/26 13:02:11.403 [main] DEBUG com.crm.qa.util.WebEventListener - Clicked on: [[ChromeDriver: chrome on XP (94722506a20c53a5ccbebf63d9bf4471)] -> xpath: //input[@type = 'submit' and @value = 'Save']]
08/26 13:02:15.804 [main] INFO  com.crm.qa.util.WebEventListener - Before navigating to: 'https://www.freecrm.com/'
08/26 13:02:21.287 [main] DEBUG com.crm.qa.util.WebEventListener - After navigating to: 'https://www.freecrm.com/'
08/26 13:02:27.700 [main] INFO  com.crm.qa.util.WebEventListener - Trying to find Element By : By.name: username
08/26 13:02:27.807 [main] DEBUG com.crm.qa.util.WebEventListener - Found Element By : By.name: username
08/26 13:02:28.374 [main] INFO  com.crm.qa.util.WebEventListener - Trying to find Element By : By.name: password
08/26 13:02:28.420 [main] DEBUG com.crm.qa.util.WebEventListener - Found Element By : By.name: password
08/26 13:02:28.666 [main] INFO  com.crm.qa.util.WebEventListener - Trying to find Element By : By.xpath: //input[@value = 'Login']
08/26 13:02:28.705 [main] DEBUG com.crm.qa.util.WebEventListener - Found Element By : By.xpath: //input[@value = 'Login']
08/26 13:02:35.247 [main] INFO  com.crm.qa.util.WebEventListener - Trying to find Element By : By.xpath: //a[contains(text(), 'Contacts')]
08/26 13:02:35.274 [main] DEBUG com.crm.qa.util.WebEventListener - Found Element By : By.xpath: //a[contains(text(), 'Contacts')]
08/26 13:02:35.275 [main] INFO  com.crm.qa.util.WebEventListener - Trying to click on: [[ChromeDriver: chrome on XP (8b75f1d367d2395595fbe7d2d0f42afa)] -> xpath: //a[contains(text(), 'Contacts')]]
08/26 13:02:36.498 [main] DEBUG com.crm.qa.util.WebEventListener - Clicked on: [[ChromeDriver: chrome on XP (8b75f1d367d2395595fbe7d2d0f42afa)] -> xpath: //a[contains(text(), 'Contacts')]]
08/26 13:02:36.500 [main] ERROR com.crm.qa.util.WebEventListener - Exception occured: org.openqa.selenium.UnsupportedCommandException: actions
Build info: version: '3.14.0', revision: 'aacccce0', time: '2018-08-02T20:19:58.91Z'
System info: host: 'DESKTOP-J288E5V', ip: '192.168.1.72', os.name: 'Windows 10', os.arch: 'amd64', os.version: '10.0', java.version: '1.8.0_172'
Driver info: driver.version: EventFiringWebDriver
08/26 13:02:36.501 [main] INFO  com.crm.qa.util.WebEventListener - Trying to find Element By : By.xpath: //a[contains(text(), 'Contacts')]
08/26 13:02:36.571 [main] DEBUG com.crm.qa.util.WebEventListener - Found Element By : By.xpath: //a[contains(text(), 'Contacts')]
08/26 13:02:37.657 [main] INFO  com.crm.qa.util.WebEventListener - Trying to find Element By : By.xpath: //a[@title = 'New Contact']
08/26 13:02:37.675 [main] DEBUG com.crm.qa.util.WebEventListener - Found Element By : By.xpath: //a[@title = 'New Contact']
08/26 13:02:37.675 [main] INFO  com.crm.qa.util.WebEventListener - Trying to click on: [[ChromeDriver: chrome on XP (8b75f1d367d2395595fbe7d2d0f42afa)] -> xpath: //a[@title = 'New Contact']]
08/26 13:02:38.718 [main] DEBUG com.crm.qa.util.WebEventListener - Clicked on: [[ChromeDriver: chrome on XP (8b75f1d367d2395595fbe7d2d0f42afa)] -> xpath: //a[@title = 'New Contact']]
08/26 13:02:38.719 [main] INFO  com.crm.qa.util.WebEventListener - Trying to find Element By : By.name: title
08/26 13:02:38.776 [main] DEBUG com.crm.qa.util.WebEventListener - Found Element By : By.name: title
08/26 13:02:38.794 [main] INFO  com.crm.qa.util.WebEventListener - Trying to find Element By : By.xpath: .//option[normalize-space(.) = "Mr."]
08/26 13:02:38.821 [main] DEBUG com.crm.qa.util.WebEventListener - Found Element By : By.xpath: .//option[normalize-space(.) = "Mr."]
08/26 13:02:38.840 [main] INFO  com.crm.qa.util.WebEventListener - Trying to click on: [[[[ChromeDriver: chrome on XP (8b75f1d367d2395595fbe7d2d0f42afa)] -> name: title]] -> xpath: .//option[normalize-space(.) = "Mr."]]
08/26 13:02:38.925 [main] DEBUG com.crm.qa.util.WebEventListener - Clicked on: [[[[ChromeDriver: chrome on XP (8b75f1d367d2395595fbe7d2d0f42afa)] -> name: title]] -> xpath: .//option[normalize-space(.) = "Mr."]]
08/26 13:02:38.925 [main] INFO  com.crm.qa.util.WebEventListener - Trying to find Element By : By.id: first_name
08/26 13:02:38.953 [main] DEBUG com.crm.qa.util.WebEventListener - Found Element By : By.id: first_name
08/26 13:02:39.312 [main] INFO  com.crm.qa.util.WebEventListener - Trying to find Element By : By.id: surname
08/26 13:02:39.336 [main] DEBUG com.crm.qa.util.WebEventListener - Found Element By : By.id: surname
08/26 13:02:39.722 [main] INFO  com.crm.qa.util.WebEventListener - Trying to find Element By : By.name: client_lookup
08/26 13:02:39.763 [main] DEBUG com.crm.qa.util.WebEventListener - Found Element By : By.name: client_lookup
08/26 13:02:40.077 [main] INFO  com.crm.qa.util.WebEventListener - Trying to find Element By : By.xpath: //input[@type = 'submit' and @value = 'Save']
08/26 13:02:40.105 [main] DEBUG com.crm.qa.util.WebEventListener - Found Element By : By.xpath: //input[@type = 'submit' and @value = 'Save']
08/26 13:02:40.105 [main] INFO  com.crm.qa.util.WebEventListener - Trying to click on: [[ChromeDriver: chrome on XP (8b75f1d367d2395595fbe7d2d0f42afa)] -> xpath: //input[@type = 'submit' and @value = 'Save']]
08/26 13:02:41.279 [main] DEBUG com.crm.qa.util.WebEventListener - Clicked on: [[ChromeDriver: chrome on XP (8b75f1d367d2395595fbe7d2d0f42afa)] -> xpath: //input[@type = 'submit' and @value = 'Save']]
